TN:
SF:server\controllers\authController.js
FN:6,(anonymous_0)
FN:13,(anonymous_1)
FN:82,(anonymous_2)
FN:139,(anonymous_3)
FNF:4
FNH:4
FNDA:2,(anonymous_0)
FNDA:3,(anonymous_1)
FNDA:2,(anonymous_2)
FNDA:1,(anonymous_3)
DA:1,4
DA:2,4
DA:3,4
DA:6,4
DA:7,2
DA:13,4
DA:14,3
DA:16,3
DA:17,3
DA:20,3
DA:21,1
DA:27,2
DA:28,0
DA:35,2
DA:36,2
DA:37,1
DA:44,1
DA:45,1
DA:48,1
DA:55,1
DA:58,1
DA:60,1
DA:72,0
DA:73,0
DA:74,0
DA:82,4
DA:83,2
DA:85,2
DA:87,2
DA:88,0
DA:95,2
DA:99,2
DA:100,0
DA:107,2
DA:108,2
DA:109,1
DA:116,1
DA:118,1
DA:130,0
DA:131,0
DA:139,4
DA:140,1
DA:141,1
DA:142,1
DA:143,0
DA:148,1
DA:158,0
DA:159,0
LF:48
LH:37
BRDA:8,0,0,2
BRDA:8,0,1,2
BRDA:20,1,0,1
BRDA:20,1,1,2
BRDA:20,2,0,3
BRDA:20,2,1,3
BRDA:20,2,2,2
BRDA:20,2,3,2
BRDA:27,3,0,0
BRDA:27,3,1,2
BRDA:36,4,0,1
BRDA:36,4,1,1
BRDA:87,5,0,0
BRDA:87,5,1,2
BRDA:87,6,0,2
BRDA:87,6,1,2
BRDA:99,7,0,0
BRDA:99,7,1,2
BRDA:108,8,0,1
BRDA:108,8,1,1
BRDA:142,9,0,0
BRDA:142,9,1,1
BRF:22
BRH:18
end_of_record
TN:
SF:server\controllers\dataController.js
FN:4,(anonymous_0)
FN:37,(anonymous_1)
FN:71,(anonymous_2)
FN:102,(anonymous_3)
FN:118,(anonymous_4)
FN:159,(anonymous_5)
FN:175,(anonymous_6)
FNF:7
FNH:6
FNDA:9,(anonymous_0)
FNDA:8,(anonymous_1)
FNDA:5,(anonymous_2)
FNDA:1,(anonymous_3)
FNDA:4,(anonymous_4)
FNDA:0,(anonymous_5)
FNDA:4,(anonymous_6)
DA:1,4
DA:4,4
DA:5,9
DA:6,9
DA:7,9
DA:9,9
DA:10,9
DA:12,9
DA:17,9
DA:19,9
DA:28,0
DA:29,0
DA:37,4
DA:38,8
DA:39,8
DA:41,8
DA:42,2
DA:48,6
DA:50,6
DA:51,4
DA:57,2
DA:62,0
DA:63,0
DA:71,4
DA:72,5
DA:73,5
DA:76,5
DA:77,2
DA:83,3
DA:91,3
DA:93,2
DA:99,1
DA:101,1
DA:102,1
DA:103,1
DA:110,0
DA:118,4
DA:119,4
DA:120,4
DA:121,4
DA:123,4
DA:124,1
DA:130,3
DA:131,3
DA:132,3
DA:133,3
DA:134,3
DA:135,3
DA:137,3
DA:143,3
DA:144,1
DA:150,2
DA:156,0
DA:158,0
DA:159,0
DA:160,0
DA:167,0
DA:175,4
DA:176,4
DA:177,4
DA:179,4
DA:180,1
DA:186,3
DA:188,3
DA:189,1
DA:195,2
DA:201,0
DA:202,0
DA:210,4
LF:69
LH:57
BRDA:6,0,0,5
BRDA:6,1,0,5
BRDA:9,2,0,3
BRDA:9,2,1,6
BRDA:10,3,0,0
BRDA:10,3,1,9
BRDA:41,4,0,2
BRDA:41,4,1,6
BRDA:50,5,0,4
BRDA:50,5,1,2
BRDA:76,6,0,2
BRDA:76,6,1,3
BRDA:76,7,0,5
BRDA:76,7,1,5
BRDA:76,7,2,3
BRDA:76,7,3,3
BRDA:88,8,0,3
BRDA:88,8,1,1
BRDA:101,9,0,1
BRDA:101,9,1,0
BRDA:123,10,0,1
BRDA:123,10,1,3
BRDA:131,11,0,3
BRDA:131,11,1,0
BRDA:132,12,0,0
BRDA:132,12,1,3
BRDA:133,13,0,2
BRDA:133,13,1,1
BRDA:134,14,0,1
BRDA:134,14,1,2
BRDA:135,15,0,0
BRDA:135,15,1,3
BRDA:143,16,0,1
BRDA:143,16,1,2
BRDA:158,17,0,0
BRDA:158,17,1,0
BRDA:179,18,0,1
BRDA:179,18,1,3
BRDA:188,19,0,1
BRDA:188,19,1,2
BRF:40
BRH:33
end_of_record
TN:
SF:server\middleware\authMiddleware.js
FN:4,(anonymous_0)
FNF:1
FNH:1
FNDA:21,(anonymous_0)
DA:1,4
DA:2,4
DA:4,4
DA:5,21
DA:8,21
DA:9,16
DA:12,21
DA:13,5
DA:14,5
DA:21,16
DA:22,16
DA:23,16
DA:25,16
DA:26,16
DA:27,14
DA:29,14
DA:30,14
DA:32,14
DA:33,0
DA:39,14
DA:41,2
DA:42,2
DA:48,0
DA:49,0
DA:56,4
LF:25
LH:22
BRDA:8,0,0,16
BRDA:8,0,1,5
BRDA:8,1,0,21
BRDA:8,1,1,16
BRDA:12,2,0,5
BRDA:12,2,1,16
BRDA:30,3,0,14
BRDA:30,3,1,0
BRDA:32,4,0,0
BRDA:32,4,1,14
BRF:10
BRH:8
end_of_record
TN:
SF:server\models\DataItem.js
FN:44,(anonymous_0)
FN:48,(anonymous_1)
FNF:2
FNH:2
FNDA:29,(anonymous_0)
FNDA:3,(anonymous_1)
DA:1,5
DA:3,5
DA:44,5
DA:45,29
DA:48,5
DA:49,3
DA:52,5
DA:54,5
LF:8
LH:8
BRF:0
BRH:0
end_of_record
TN:
SF:server\models\User.js
FNF:0
FNH:0
DA:1,6
DA:2,6
DA:4,6
DA:32,6
DA:34,6
LF:5
LH:5
BRF:0
BRH:0
end_of_record
TN:
SF:server\routes\authRoutes.js
FNF:0
FNH:0
DA:1,4
DA:2,4
DA:3,4
DA:4,4
DA:7,4
DA:8,4
DA:11,4
DA:13,4
LF:8
LH:8
BRF:0
BRH:0
end_of_record
TN:
SF:server\routes\dataRoutes.js
FNF:0
FNH:0
DA:1,4
DA:2,4
DA:9,4
DA:10,4
DA:13,4
DA:14,4
DA:17,4
DA:18,4
DA:19,4
DA:21,4
LF:10
LH:10
BRF:0
BRH:0
end_of_record
